<?xml version="1.0" encoding="UTF-8"?>
<testng-results ignored="0" total="1" passed="1" failed="0" skipped="0">
  <reporter-output>
  </reporter-output>
  <suite started-at="2021-12-24T11:36:19 ICT" name="Default Suite" finished-at="2021-12-24T11:36:19 ICT" duration-ms="64">
    <groups>
    </groups>
    <test started-at="2021-12-24T11:36:19 ICT" name="WebDriverDemo" finished-at="2021-12-24T11:36:19 ICT" duration-ms="64">
      <class name="testng.TestCase">
        <test-method is-config="true" signature="setUp()[pri:0, instance:testng.TestCase@1b083826]" started-at="2021-12-24T11:36:19 ICT" name="setUp" finished-at="2021-12-24T11:36:19 ICT" duration-ms="14" status="PASS">
          <reporter-output>
          </reporter-output>
        </test-method> <!-- setUp -->
        <test-method signature="testStep()[pri:0, instance:testng.TestCase@1b083826]" started-at="2021-12-24T11:36:19 ICT" name="testStep" finished-at="2021-12-24T11:36:19 ICT" duration-ms="3" status="PASS">
          <reporter-output>
          </reporter-output>
        </test-method> <!-- testStep -->
        <test-method is-config="true" signature="tearDown()[pri:0, instance:testng.TestCase@1b083826]" started-at="2021-12-24T11:36:19 ICT" name="tearDown" finished-at="2021-12-24T11:36:19 ICT" duration-ms="0" status="PASS">
          <reporter-output>
          </reporter-output>
        </test-method> <!-- tearDown -->
      </class> <!-- testng.TestCase -->
    </test> <!-- WebDriverDemo -->
  </suite> <!-- Default Suite -->
</testng-results>
